<?xml version="1.0" encoding="UTF-8"?>
<testsuite xmlns:xsi="http://www.w3.org/2001/XMLSchema-instance" xsi:noNamespaceSchemaLocation="https://maven.apache.org/surefire/maven-surefire-plugin/xsd/surefire-test-report-3.0.xsd" version="3.0" name="me.libraryaddict.disguise.utilities.DisguiseTypesTest" time="0.976" tests="257" errors="0" skipped="0" failures="0">
  <properties>
    <property name="java.specification.version" value="21"/>
    <property name="sun.cpu.isalist" value="amd64"/>
    <property name="sun.jnu.encoding" value="Cp1252"/>
    <property name="java.class.path" value="C:\Users\Jones\Documents\Minecraft\LibsDisguises\plugin\target\test-classes;C:\Users\Jones\Documents\Minecraft\LibsDisguises\plugin\target\classes;C:\Users\Jones\.m2\repository\org\projectlombok\lombok\1.18.30\lombok-1.18.30.jar;C:\Users\Jones\.m2\repository\com\comphenix\protocol\ProtocolLib\5.0.0\ProtocolLib-5.0.0.jar;C:\Users\Jones\.m2\repository\net\bytebuddy\byte-buddy\1.14.3\byte-buddy-1.14.3.jar;C:\Users\Jones\.m2\repository\org\spigotmc\spigot-api\1.20.3-R0.1-SNAPSHOT\spigot-api-1.20.3-R0.1-SNAPSHOT.jar;C:\Users\Jones\.m2\repository\com\google\guava\guava\32.1.2-jre\guava-32.1.2-jre.jar;C:\Users\Jones\.m2\repository\com\google\guava\failureaccess\1.0.1\failureaccess-1.0.1.jar;C:\Users\Jones\.m2\repository\com\google\guava\listenablefuture\9999.0-empty-to-avoid-conflict-with-guava\listenablefuture-9999.0-empty-to-avoid-conflict-with-guava.jar;C:\Users\Jones\.m2\repository\com\google\errorprone\error_prone_annotations\2.18.0\error_prone_annotations-2.18.0.jar;C:\Users\Jones\.m2\repository\com\google\j2objc\j2objc-annotations\2.8\j2objc-annotations-2.8.jar;C:\Users\Jones\.m2\repository\com\google\code\gson\gson\2.10.1\gson-2.10.1.jar;C:\Users\Jones\.m2\repository\org\joml\joml\1.10.5\joml-1.10.5.jar;C:\Users\Jones\.m2\repository\org\yaml\snakeyaml\2.2\snakeyaml-2.2.jar;C:\Users\Jones\.m2\repository\org\spigotmc\spigot\1.20.3-R0.1-SNAPSHOT\spigot-1.20.3-R0.1-SNAPSHOT.jar;C:\Users\Jones\.m2\repository\io\papermc\paper\paper-api\1.19.4-R0.1-SNAPSHOT\paper-api-1.19.4-R0.1-SNAPSHOT.jar;C:\Users\Jones\.m2\repository\com\googlecode\json-simple\json-simple\1.1.1\json-simple-1.1.1.jar;C:\Users\Jones\.m2\repository\org\apache\logging\log4j\log4j-api\2.17.1\log4j-api-2.17.1.jar;C:\Users\Jones\.m2\repository\org\slf4j\slf4j-api\1.8.0-beta4\slf4j-api-1.8.0-beta4.jar;C:\Users\Jones\.m2\repository\org\apache\maven\maven-resolver-provider\3.8.5\maven-resolver-provider-3.8.5.jar;C:\Users\Jones\.m2\repository\org\apache\maven\maven-model\3.8.5\maven-model-3.8.5.jar;C:\Users\Jones\.m2\repository\org\apache\maven\maven-model-builder\3.8.5\maven-model-builder-3.8.5.jar;C:\Users\Jones\.m2\repository\org\codehaus\plexus\plexus-interpolation\1.26\plexus-interpolation-1.26.jar;C:\Users\Jones\.m2\repository\org\apache\maven\maven-artifact\3.8.5\maven-artifact-3.8.5.jar;C:\Users\Jones\.m2\repository\org\apache\maven\maven-builder-support\3.8.5\maven-builder-support-3.8.5.jar;C:\Users\Jones\.m2\repository\org\eclipse\sisu\org.eclipse.sisu.inject\0.3.5\org.eclipse.sisu.inject-0.3.5.jar;C:\Users\Jones\.m2\repository\org\apache\maven\maven-repository-metadata\3.8.5\maven-repository-metadata-3.8.5.jar;C:\Users\Jones\.m2\repository\org\apache\maven\resolver\maven-resolver-api\1.6.3\maven-resolver-api-1.6.3.jar;C:\Users\Jones\.m2\repository\org\apache\maven\resolver\maven-resolver-spi\1.6.3\maven-resolver-spi-1.6.3.jar;C:\Users\Jones\.m2\repository\org\apache\maven\resolver\maven-resolver-util\1.6.3\maven-resolver-util-1.6.3.jar;C:\Users\Jones\.m2\repository\org\apache\maven\resolver\maven-resolver-impl\1.6.3\maven-resolver-impl-1.6.3.jar;C:\Users\Jones\.m2\repository\org\codehaus\plexus\plexus-utils\3.3.0\plexus-utils-3.3.0.jar;C:\Users\Jones\.m2\repository\javax\inject\javax.inject\1\javax.inject-1.jar;C:\Users\Jones\.m2\repository\net\kyori\adventure-text-serializer-legacy\4.13.1\adventure-text-serializer-legacy-4.13.1.jar;C:\Users\Jones\.m2\repository\net\kyori\adventure-text-serializer-plain\4.13.1\adventure-text-serializer-plain-4.13.1.jar;C:\Users\Jones\.m2\repository\net\kyori\adventure-text-logger-slf4j\4.13.1\adventure-text-logger-slf4j-4.13.1.jar;C:\Users\Jones\.m2\repository\org\checkerframework\checker-qual\3.21.0\checker-qual-3.21.0.jar;C:\Users\Jones\.m2\repository\org\ow2\asm\asm\9.4\asm-9.4.jar;C:\Users\Jones\.m2\repository\org\ow2\asm\asm-commons\9.4\asm-commons-9.4.jar;C:\Users\Jones\.m2\repository\org\ow2\asm\asm-tree\9.4\asm-tree-9.4.jar;C:\Users\Jones\.m2\repository\net\md-5\bungeecord-chat\1.16-R0.4\bungeecord-chat-1.16-R0.4.jar;C:\Users\Jones\.m2\repository\net\kyori\adventure-text-minimessage\4.2.0-SNAPSHOT\adventure-text-minimessage-4.2.0-SNAPSHOT.jar;C:\Users\Jones\.m2\repository\org\jetbrains\annotations\22.0.0\annotations-22.0.0.jar;C:\Users\Jones\.m2\repository\net\kyori\adventure-text-serializer-gson\4.9.3\adventure-text-serializer-gson-4.9.3.jar;C:\Users\Jones\.m2\repository\net\kyori\adventure-api\4.9.3\adventure-api-4.9.3.jar;C:\Users\Jones\.m2\repository\net\kyori\adventure-key\4.9.3\adventure-key-4.9.3.jar;C:\Users\Jones\.m2\repository\net\kyori\examination-api\1.3.0\examination-api-1.3.0.jar;C:\Users\Jones\.m2\repository\net\kyori\examination-string\1.3.0\examination-string-1.3.0.jar;C:\Users\Jones\.m2\repository\junit\junit\4.13.2\junit-4.13.2.jar;C:\Users\Jones\.m2\repository\org\hamcrest\hamcrest-core\1.3\hamcrest-core-1.3.jar;C:\Users\Jones\.m2\repository\org\junit\jupiter\junit-jupiter\5.9.3\junit-jupiter-5.9.3.jar;C:\Users\Jones\.m2\repository\org\junit\jupiter\junit-jupiter-api\5.9.3\junit-jupiter-api-5.9.3.jar;C:\Users\Jones\.m2\repository\org\opentest4j\opentest4j\1.2.0\opentest4j-1.2.0.jar;C:\Users\Jones\.m2\repository\org\junit\platform\junit-platform-commons\1.9.3\junit-platform-commons-1.9.3.jar;C:\Users\Jones\.m2\repository\org\apiguardian\apiguardian-api\1.1.2\apiguardian-api-1.1.2.jar;C:\Users\Jones\.m2\repository\org\junit\jupiter\junit-jupiter-params\5.9.3\junit-jupiter-params-5.9.3.jar;C:\Users\Jones\.m2\repository\org\junit\jupiter\junit-jupiter-engine\5.9.3\junit-jupiter-engine-5.9.3.jar;C:\Users\Jones\.m2\repository\org\junit\platform\junit-platform-engine\1.9.3\junit-platform-engine-1.9.3.jar;C:\Users\Jones\Documents\Minecraft\LibsDisguises\shared\target\shared-1.0-SNAPSHOT.jar;C:\Users\Jones\Documents\Minecraft\LibsDisguises\nms\v1_17_R1\target\v1_17_R1-1.0-SNAPSHOT-remapped-spigot.jar;C:\Users\Jones\Documents\Minecraft\LibsDisguises\nms\v1_18_R1\target\v1_18_R1-1.0-SNAPSHOT-remapped-spigot.jar;C:\Users\Jones\Documents\Minecraft\LibsDisguises\nms\v1_18_R2\target\v1_18_R2-1.0-SNAPSHOT-remapped-spigot.jar;C:\Users\Jones\Documents\Minecraft\LibsDisguises\nms\v1_19_R1\target\v1_19_R1-1.0-SNAPSHOT-remapped-spigot.jar;C:\Users\Jones\Documents\Minecraft\LibsDisguises\nms\v1_19_R2\target\v1_19_R2-1.0-SNAPSHOT-remapped-spigot.jar;C:\Users\Jones\Documents\Minecraft\LibsDisguises\nms\v1_19_R3\target\v1_19_R3-1.0-SNAPSHOT-remapped-spigot.jar;C:\Users\Jones\Documents\Minecraft\LibsDisguises\nms\v1_20_R1\target\v1_20_R1-1.0-SNAPSHOT-remapped-spigot.jar;C:\Users\Jones\Documents\Minecraft\LibsDisguises\nms\v1_20_R2\target\v1_20_R2-1.0-SNAPSHOT-remapped-spigot.jar;C:\Users\Jones\Documents\Minecraft\LibsDisguises\nms\v1_20_R3\target\v1_20_R3-1.0-SNAPSHOT-remapped-spigot.jar;C:\Users\Jones\.m2\repository\it\unimi\dsi\fastutil\8.5.12\fastutil-8.5.12.jar;C:\Users\Jones\.m2\repository\com\mojang\authlib\3.5.41\authlib-3.5.41.jar;C:\Users\Jones\.m2\repository\com\google\code\findbugs\jsr305\3.0.2\jsr305-3.0.2.jar;C:\Users\Jones\.m2\repository\commons-io\commons-io\2.11.0\commons-io-2.11.0.jar;C:\Users\Jones\.m2\repository\org\apache\commons\commons-lang3\3.12.0\commons-lang3-3.12.0.jar;C:\Users\Jones\.m2\repository\com\mojang\datafixerupper\5.0.28\datafixerupper-5.0.28.jar;C:\Users\Jones\.m2\repository\com\mojang\brigadier\1.0.18\brigadier-1.0.18.jar;C:\Users\Jones\.m2\repository\io\netty\netty-buffer\4.1.90.Final\netty-buffer-4.1.90.Final.jar;C:\Users\Jones\.m2\repository\io\netty\netty-common\4.1.90.Final\netty-common-4.1.90.Final.jar;C:\Users\Jones\.m2\repository\io\netty\netty-codec\4.1.90.Final\netty-codec-4.1.90.Final.jar;C:\Users\Jones\.m2\repository\io\netty\netty-transport\4.1.90.Final\netty-transport-4.1.90.Final.jar;C:\Users\Jones\.m2\repository\io\netty\netty-resolver\4.1.90.Final\netty-resolver-4.1.90.Final.jar;C:\Users\Jones\.m2\repository\commons-lang\commons-lang\2.6\commons-lang-2.6.jar;"/>
    <property name="java.vm.vendor" value="Oracle Corporation"/>
    <property name="sun.arch.data.model" value="64"/>
    <property name="user.variant" value=""/>
    <property name="java.vendor.url" value="https://java.oracle.com/"/>
    <property name="user.timezone" value="America/Chicago"/>
    <property name="os.name" value="Windows 10"/>
    <property name="java.vm.specification.version" value="21"/>
    <property name="sun.java.launcher" value="SUN_STANDARD"/>
    <property name="user.country" value="US"/>
    <property name="sun.boot.library.path" value="C:\Program Files\Java\jdk-21\bin"/>
    <property name="sun.java.command" value="C:\Users\Jones\AppData\Local\Temp\surefire11516904095458284227\surefirebooter-20231226173631079_3.jar C:\Users\Jones\AppData\Local\Temp\surefire11516904095458284227 2023-12-26T17-36-13_771-jvmRun1 surefire-20231226173631079_1tmp surefire_0-20231226173631079_2tmp"/>
    <property name="jdk.debug" value="release"/>
    <property name="surefire.test.class.path" value="C:\Users\Jones\Documents\Minecraft\LibsDisguises\plugin\target\test-classes;C:\Users\Jones\Documents\Minecraft\LibsDisguises\plugin\target\classes;C:\Users\Jones\.m2\repository\org\projectlombok\lombok\1.18.30\lombok-1.18.30.jar;C:\Users\Jones\.m2\repository\com\comphenix\protocol\ProtocolLib\5.0.0\ProtocolLib-5.0.0.jar;C:\Users\Jones\.m2\repository\net\bytebuddy\byte-buddy\1.14.3\byte-buddy-1.14.3.jar;C:\Users\Jones\.m2\repository\org\spigotmc\spigot-api\1.20.3-R0.1-SNAPSHOT\spigot-api-1.20.3-R0.1-SNAPSHOT.jar;C:\Users\Jones\.m2\repository\com\google\guava\guava\32.1.2-jre\guava-32.1.2-jre.jar;C:\Users\Jones\.m2\repository\com\google\guava\failureaccess\1.0.1\failureaccess-1.0.1.jar;C:\Users\Jones\.m2\repository\com\google\guava\listenablefuture\9999.0-empty-to-avoid-conflict-with-guava\listenablefuture-9999.0-empty-to-avoid-conflict-with-guava.jar;C:\Users\Jones\.m2\repository\com\google\errorprone\error_prone_annotations\2.18.0\error_prone_annotations-2.18.0.jar;C:\Users\Jones\.m2\repository\com\google\j2objc\j2objc-annotations\2.8\j2objc-annotations-2.8.jar;C:\Users\Jones\.m2\repository\com\google\code\gson\gson\2.10.1\gson-2.10.1.jar;C:\Users\Jones\.m2\repository\org\joml\joml\1.10.5\joml-1.10.5.jar;C:\Users\Jones\.m2\repository\org\yaml\snakeyaml\2.2\snakeyaml-2.2.jar;C:\Users\Jones\.m2\repository\org\spigotmc\spigot\1.20.3-R0.1-SNAPSHOT\spigot-1.20.3-R0.1-SNAPSHOT.jar;C:\Users\Jones\.m2\repository\io\papermc\paper\paper-api\1.19.4-R0.1-SNAPSHOT\paper-api-1.19.4-R0.1-SNAPSHOT.jar;C:\Users\Jones\.m2\repository\com\googlecode\json-simple\json-simple\1.1.1\json-simple-1.1.1.jar;C:\Users\Jones\.m2\repository\org\apache\logging\log4j\log4j-api\2.17.1\log4j-api-2.17.1.jar;C:\Users\Jones\.m2\repository\org\slf4j\slf4j-api\1.8.0-beta4\slf4j-api-1.8.0-beta4.jar;C:\Users\Jones\.m2\repository\org\apache\maven\maven-resolver-provider\3.8.5\maven-resolver-provider-3.8.5.jar;C:\Users\Jones\.m2\repository\org\apache\maven\maven-model\3.8.5\maven-model-3.8.5.jar;C:\Users\Jones\.m2\repository\org\apache\maven\maven-model-builder\3.8.5\maven-model-builder-3.8.5.jar;C:\Users\Jones\.m2\repository\org\codehaus\plexus\plexus-interpolation\1.26\plexus-interpolation-1.26.jar;C:\Users\Jones\.m2\repository\org\apache\maven\maven-artifact\3.8.5\maven-artifact-3.8.5.jar;C:\Users\Jones\.m2\repository\org\apache\maven\maven-builder-support\3.8.5\maven-builder-support-3.8.5.jar;C:\Users\Jones\.m2\repository\org\eclipse\sisu\org.eclipse.sisu.inject\0.3.5\org.eclipse.sisu.inject-0.3.5.jar;C:\Users\Jones\.m2\repository\org\apache\maven\maven-repository-metadata\3.8.5\maven-repository-metadata-3.8.5.jar;C:\Users\Jones\.m2\repository\org\apache\maven\resolver\maven-resolver-api\1.6.3\maven-resolver-api-1.6.3.jar;C:\Users\Jones\.m2\repository\org\apache\maven\resolver\maven-resolver-spi\1.6.3\maven-resolver-spi-1.6.3.jar;C:\Users\Jones\.m2\repository\org\apache\maven\resolver\maven-resolver-util\1.6.3\maven-resolver-util-1.6.3.jar;C:\Users\Jones\.m2\repository\org\apache\maven\resolver\maven-resolver-impl\1.6.3\maven-resolver-impl-1.6.3.jar;C:\Users\Jones\.m2\repository\org\codehaus\plexus\plexus-utils\3.3.0\plexus-utils-3.3.0.jar;C:\Users\Jones\.m2\repository\javax\inject\javax.inject\1\javax.inject-1.jar;C:\Users\Jones\.m2\repository\net\kyori\adventure-text-serializer-legacy\4.13.1\adventure-text-serializer-legacy-4.13.1.jar;C:\Users\Jones\.m2\repository\net\kyori\adventure-text-serializer-plain\4.13.1\adventure-text-serializer-plain-4.13.1.jar;C:\Users\Jones\.m2\repository\net\kyori\adventure-text-logger-slf4j\4.13.1\adventure-text-logger-slf4j-4.13.1.jar;C:\Users\Jones\.m2\repository\org\checkerframework\checker-qual\3.21.0\checker-qual-3.21.0.jar;C:\Users\Jones\.m2\repository\org\ow2\asm\asm\9.4\asm-9.4.jar;C:\Users\Jones\.m2\repository\org\ow2\asm\asm-commons\9.4\asm-commons-9.4.jar;C:\Users\Jones\.m2\repository\org\ow2\asm\asm-tree\9.4\asm-tree-9.4.jar;C:\Users\Jones\.m2\repository\net\md-5\bungeecord-chat\1.16-R0.4\bungeecord-chat-1.16-R0.4.jar;C:\Users\Jones\.m2\repository\net\kyori\adventure-text-minimessage\4.2.0-SNAPSHOT\adventure-text-minimessage-4.2.0-SNAPSHOT.jar;C:\Users\Jones\.m2\repository\org\jetbrains\annotations\22.0.0\annotations-22.0.0.jar;C:\Users\Jones\.m2\repository\net\kyori\adventure-text-serializer-gson\4.9.3\adventure-text-serializer-gson-4.9.3.jar;C:\Users\Jones\.m2\repository\net\kyori\adventure-api\4.9.3\adventure-api-4.9.3.jar;C:\Users\Jones\.m2\repository\net\kyori\adventure-key\4.9.3\adventure-key-4.9.3.jar;C:\Users\Jones\.m2\repository\net\kyori\examination-api\1.3.0\examination-api-1.3.0.jar;C:\Users\Jones\.m2\repository\net\kyori\examination-string\1.3.0\examination-string-1.3.0.jar;C:\Users\Jones\.m2\repository\junit\junit\4.13.2\junit-4.13.2.jar;C:\Users\Jones\.m2\repository\org\hamcrest\hamcrest-core\1.3\hamcrest-core-1.3.jar;C:\Users\Jones\.m2\repository\org\junit\jupiter\junit-jupiter\5.9.3\junit-jupiter-5.9.3.jar;C:\Users\Jones\.m2\repository\org\junit\jupiter\junit-jupiter-api\5.9.3\junit-jupiter-api-5.9.3.jar;C:\Users\Jones\.m2\repository\org\opentest4j\opentest4j\1.2.0\opentest4j-1.2.0.jar;C:\Users\Jones\.m2\repository\org\junit\platform\junit-platform-commons\1.9.3\junit-platform-commons-1.9.3.jar;C:\Users\Jones\.m2\repository\org\apiguardian\apiguardian-api\1.1.2\apiguardian-api-1.1.2.jar;C:\Users\Jones\.m2\repository\org\junit\jupiter\junit-jupiter-params\5.9.3\junit-jupiter-params-5.9.3.jar;C:\Users\Jones\.m2\repository\org\junit\jupiter\junit-jupiter-engine\5.9.3\junit-jupiter-engine-5.9.3.jar;C:\Users\Jones\.m2\repository\org\junit\platform\junit-platform-engine\1.9.3\junit-platform-engine-1.9.3.jar;C:\Users\Jones\Documents\Minecraft\LibsDisguises\shared\target\shared-1.0-SNAPSHOT.jar;C:\Users\Jones\Documents\Minecraft\LibsDisguises\nms\v1_17_R1\target\v1_17_R1-1.0-SNAPSHOT-remapped-spigot.jar;C:\Users\Jones\Documents\Minecraft\LibsDisguises\nms\v1_18_R1\target\v1_18_R1-1.0-SNAPSHOT-remapped-spigot.jar;C:\Users\Jones\Documents\Minecraft\LibsDisguises\nms\v1_18_R2\target\v1_18_R2-1.0-SNAPSHOT-remapped-spigot.jar;C:\Users\Jones\Documents\Minecraft\LibsDisguises\nms\v1_19_R1\target\v1_19_R1-1.0-SNAPSHOT-remapped-spigot.jar;C:\Users\Jones\Documents\Minecraft\LibsDisguises\nms\v1_19_R2\target\v1_19_R2-1.0-SNAPSHOT-remapped-spigot.jar;C:\Users\Jones\Documents\Minecraft\LibsDisguises\nms\v1_19_R3\target\v1_19_R3-1.0-SNAPSHOT-remapped-spigot.jar;C:\Users\Jones\Documents\Minecraft\LibsDisguises\nms\v1_20_R1\target\v1_20_R1-1.0-SNAPSHOT-remapped-spigot.jar;C:\Users\Jones\Documents\Minecraft\LibsDisguises\nms\v1_20_R2\target\v1_20_R2-1.0-SNAPSHOT-remapped-spigot.jar;C:\Users\Jones\Documents\Minecraft\LibsDisguises\nms\v1_20_R3\target\v1_20_R3-1.0-SNAPSHOT-remapped-spigot.jar;C:\Users\Jones\.m2\repository\it\unimi\dsi\fastutil\8.5.12\fastutil-8.5.12.jar;C:\Users\Jones\.m2\repository\com\mojang\authlib\3.5.41\authlib-3.5.41.jar;C:\Users\Jones\.m2\repository\com\google\code\findbugs\jsr305\3.0.2\jsr305-3.0.2.jar;C:\Users\Jones\.m2\repository\commons-io\commons-io\2.11.0\commons-io-2.11.0.jar;C:\Users\Jones\.m2\repository\org\apache\commons\commons-lang3\3.12.0\commons-lang3-3.12.0.jar;C:\Users\Jones\.m2\repository\com\mojang\datafixerupper\5.0.28\datafixerupper-5.0.28.jar;C:\Users\Jones\.m2\repository\com\mojang\brigadier\1.0.18\brigadier-1.0.18.jar;C:\Users\Jones\.m2\repository\io\netty\netty-buffer\4.1.90.Final\netty-buffer-4.1.90.Final.jar;C:\Users\Jones\.m2\repository\io\netty\netty-common\4.1.90.Final\netty-common-4.1.90.Final.jar;C:\Users\Jones\.m2\repository\io\netty\netty-codec\4.1.90.Final\netty-codec-4.1.90.Final.jar;C:\Users\Jones\.m2\repository\io\netty\netty-transport\4.1.90.Final\netty-transport-4.1.90.Final.jar;C:\Users\Jones\.m2\repository\io\netty\netty-resolver\4.1.90.Final\netty-resolver-4.1.90.Final.jar;C:\Users\Jones\.m2\repository\commons-lang\commons-lang\2.6\commons-lang-2.6.jar;"/>
    <property name="sun.cpu.endian" value="little"/>
    <property name="user.home" value="C:\Users\Jones"/>
    <property name="user.language" value="en"/>
    <property name="java.specification.vendor" value="Oracle Corporation"/>
    <property name="java.version.date" value="2023-10-17"/>
    <property name="java.home" value="C:\Program Files\Java\jdk-21"/>
    <property name="file.separator" value="\"/>
    <property name="basedir" value="C:\Users\Jones\Documents\Minecraft\LibsDisguises\plugin"/>
    <property name="java.vm.compressedOopsMode" value="Zero based"/>
    <property name="line.separator" value="&#10;"/>
    <property name="java.vm.specification.vendor" value="Oracle Corporation"/>
    <property name="java.specification.name" value="Java Platform API Specification"/>
    <property name="surefire.real.class.path" value="C:\Users\Jones\AppData\Local\Temp\surefire11516904095458284227\surefirebooter-20231226173631079_3.jar"/>
    <property name="user.script" value=""/>
    <property name="sun.management.compiler" value="HotSpot 64-Bit Tiered Compilers"/>
    <property name="java.runtime.version" value="21.0.1+12-LTS-29"/>
    <property name="user.name" value="Jones"/>
    <property name="stdout.encoding" value="Cp1252"/>
    <property name="path.separator" value=";"/>
    <property name="os.version" value="10.0"/>
    <property name="java.runtime.name" value="Java(TM) SE Runtime Environment"/>
    <property name="file.encoding" value="UTF-8"/>
    <property name="java.vm.name" value="Java HotSpot(TM) 64-Bit Server VM"/>
    <property name="localRepository" value="C:\Users\Jones\.m2\repository"/>
    <property name="java.vendor.url.bug" value="https://bugreport.java.com/bugreport/"/>
    <property name="java.io.tmpdir" value="C:\Users\Jones\AppData\Local\Temp\"/>
    <property name="java.version" value="21.0.1"/>
    <property name="user.dir" value="C:\Users\Jones\Documents\Minecraft\LibsDisguises\plugin"/>
    <property name="os.arch" value="amd64"/>
    <property name="java.vm.specification.name" value="Java Virtual Machine Specification"/>
    <property name="sun.os.patch.level" value=""/>
    <property name="native.encoding" value="Cp1252"/>
    <property name="java.library.path" value="C:\Program Files\Java\jdk-21\bin;C:\Windows\Sun\Java\bin;C:\Windows\system32;C:\Windows;C:\Program Files\PowerShell\7;C:\Windows;C:\Windows\system32;C:\Windows\System32\WindowsPowerShell\v1.0;C:\Windows\System32\Wbem;C:\Windows\System32\OpenSSH;C:\Program Files\Scoop\shims;C:\ProgramData\Scoop\shims;C:\ProgramData\Scoop\apps\maven\current\bin;C:\Program Files\PowerShell\7;C:\Program Files\dotnet\;C:\Program Files\Python312\;C:\Program Files\Python312\Scripts\;C:\Program Files\Git\cmd;C:\Program Files (x86)\Nmap;C:\Program Files\Microsoft VS Code\bin;C:\Program Files\FFmpeg\bin;C:\Program Files (x86)\WinSCP;C:\Program Files\Wolfram Research\WolframScript;C:\Program Files\nodejs;C:\Program Files\Common Files\Oracle\Java\javapath;C:\Tools\Cargo\bin;C:\Tools\ConTeXt\bin;C:\Tools\ConTeXt\tex\texmf-win64\bin;C:\Tools\Nim;C:\Tools\Cygwin64\bin;C:\Tools\Stockfish;C:\Tools\WebDrivers;C:\Program Files\Wolfram Research\WolframScript\;C:\Program Files\PowerShell\7\;C:\Program Files\MiKTeX\miktex\bin\x64\;C:\Program Files\Scoop\shims;C:\Users\Jones\AppData\Local\Microsoft\WindowsApps;C:\Users\Jones\AppData\Local\GitHubDesktop\bin;C:\Users\Jones\AppData\Roaming\npm;C:\Users\Jones\.pyenv\pyenv-win\bin;C:\Users\Jones\.pyenv\pyenv-win\shims;;."/>
    <property name="java.vm.info" value="mixed mode, sharing"/>
    <property name="stderr.encoding" value="Cp1252"/>
    <property name="java.vendor" value="Oracle Corporation"/>
    <property name="java.vm.version" value="21.0.1+12-LTS-29"/>
    <property name="sun.io.unicode.encoding" value="UnicodeLittle"/>
    <property name="java.class.version" value="65.0"/>
  </properties>
  <testcase name="testDisguiseType(EntityType)[1]" classname="me.libraryaddict.disguise.utilities.DisguiseTypesTest" time="0.063"/>
  <testcase name="testDisguiseType(EntityType)[2]" classname="me.libraryaddict.disguise.utilities.DisguiseTypesTest" time="0.001"/>
  <testcase name="testDisguiseType(EntityType)[3]" classname="me.libraryaddict.disguise.utilities.DisguiseTypesTest" time="0.001"/>
  <testcase name="testDisguiseType(EntityType)[4]" classname="me.libraryaddict.disguise.utilities.DisguiseTypesTest" time="0.001"/>
  <testcase name="testDisguiseType(EntityType)[5]" classname="me.libraryaddict.disguise.utilities.DisguiseTypesTest" time="0.001"/>
  <testcase name="testDisguiseType(EntityType)[6]" classname="me.libraryaddict.disguise.utilities.DisguiseTypesTest" time="0.0"/>
  <testcase name="testDisguiseType(EntityType)[7]" classname="me.libraryaddict.disguise.utilities.DisguiseTypesTest" time="0.001"/>
  <testcase name="testDisguiseType(EntityType)[8]" classname="me.libraryaddict.disguise.utilities.DisguiseTypesTest" time="0.001"/>
  <testcase name="testDisguiseType(EntityType)[9]" classname="me.libraryaddict.disguise.utilities.DisguiseTypesTest" time="0.001"/>
  <testcase name="testDisguiseType(EntityType)[10]" classname="me.libraryaddict.disguise.utilities.DisguiseTypesTest" time="0.001"/>
  <testcase name="testDisguiseType(EntityType)[11]" classname="me.libraryaddict.disguise.utilities.DisguiseTypesTest" time="0.002"/>
  <testcase name="testDisguiseType(EntityType)[12]" classname="me.libraryaddict.disguise.utilities.DisguiseTypesTest" time="0.001"/>
  <testcase name="testDisguiseType(EntityType)[13]" classname="me.libraryaddict.disguise.utilities.DisguiseTypesTest" time="0.001"/>
  <testcase name="testDisguiseType(EntityType)[14]" classname="me.libraryaddict.disguise.utilities.DisguiseTypesTest" time="0.001"/>
  <testcase name="testDisguiseType(EntityType)[15]" classname="me.libraryaddict.disguise.utilities.DisguiseTypesTest" time="0.001"/>
  <testcase name="testDisguiseType(EntityType)[16]" classname="me.libraryaddict.disguise.utilities.DisguiseTypesTest" time="0.0"/>
  <testcase name="testDisguiseType(EntityType)[17]" classname="me.libraryaddict.disguise.utilities.DisguiseTypesTest" time="0.001"/>
  <testcase name="testDisguiseType(EntityType)[18]" classname="me.libraryaddict.disguise.utilities.DisguiseTypesTest" time="0.001"/>
  <testcase name="testDisguiseType(EntityType)[19]" classname="me.libraryaddict.disguise.utilities.DisguiseTypesTest" time="0.001"/>
  <testcase name="testDisguiseType(EntityType)[20]" classname="me.libraryaddict.disguise.utilities.DisguiseTypesTest" time="0.001"/>
  <testcase name="testDisguiseType(EntityType)[21]" classname="me.libraryaddict.disguise.utilities.DisguiseTypesTest" time="0.001"/>
  <testcase name="testDisguiseType(EntityType)[22]" classname="me.libraryaddict.disguise.utilities.DisguiseTypesTest" time="0.001"/>
  <testcase name="testDisguiseType(EntityType)[23]" classname="me.libraryaddict.disguise.utilities.DisguiseTypesTest" time="0.001"/>
  <testcase name="testDisguiseType(EntityType)[24]" classname="me.libraryaddict.disguise.utilities.DisguiseTypesTest" time="0.001"/>
  <testcase name="testDisguiseType(EntityType)[25]" classname="me.libraryaddict.disguise.utilities.DisguiseTypesTest" time="0.001"/>
  <testcase name="testDisguiseType(EntityType)[26]" classname="me.libraryaddict.disguise.utilities.DisguiseTypesTest" time="0.001"/>
  <testcase name="testDisguiseType(EntityType)[27]" classname="me.libraryaddict.disguise.utilities.DisguiseTypesTest" time="0.001"/>
  <testcase name="testDisguiseType(EntityType)[28]" classname="me.libraryaddict.disguise.utilities.DisguiseTypesTest" time="0.001"/>
  <testcase name="testDisguiseType(EntityType)[29]" classname="me.libraryaddict.disguise.utilities.DisguiseTypesTest" time="0.001"/>
  <testcase name="testDisguiseType(EntityType)[30]" classname="me.libraryaddict.disguise.utilities.DisguiseTypesTest" time="0.001"/>
  <testcase name="testDisguiseType(EntityType)[31]" classname="me.libraryaddict.disguise.utilities.DisguiseTypesTest" time="0.001"/>
  <testcase name="testDisguiseType(EntityType)[32]" classname="me.libraryaddict.disguise.utilities.DisguiseTypesTest" time="0.001"/>
  <testcase name="testDisguiseType(EntityType)[33]" classname="me.libraryaddict.disguise.utilities.DisguiseTypesTest" time="0.0"/>
  <testcase name="testDisguiseType(EntityType)[34]" classname="me.libraryaddict.disguise.utilities.DisguiseTypesTest" time="0.001"/>
  <testcase name="testDisguiseType(EntityType)[35]" classname="me.libraryaddict.disguise.utilities.DisguiseTypesTest" time="0.001"/>
  <testcase name="testDisguiseType(EntityType)[36]" classname="me.libraryaddict.disguise.utilities.DisguiseTypesTest" time="0.001"/>
  <testcase name="testDisguiseType(EntityType)[37]" classname="me.libraryaddict.disguise.utilities.DisguiseTypesTest" time="0.001"/>
  <testcase name="testDisguiseType(EntityType)[38]" classname="me.libraryaddict.disguise.utilities.DisguiseTypesTest" time="0.001"/>
  <testcase name="testDisguiseType(EntityType)[39]" classname="me.libraryaddict.disguise.utilities.DisguiseTypesTest" time="0.001"/>
  <testcase name="testDisguiseType(EntityType)[40]" classname="me.libraryaddict.disguise.utilities.DisguiseTypesTest" time="0.0"/>
  <testcase name="testDisguiseType(EntityType)[41]" classname="me.libraryaddict.disguise.utilities.DisguiseTypesTest" time="0.001"/>
  <testcase name="testDisguiseType(EntityType)[42]" classname="me.libraryaddict.disguise.utilities.DisguiseTypesTest" time="0.001"/>
  <testcase name="testDisguiseType(EntityType)[43]" classname="me.libraryaddict.disguise.utilities.DisguiseTypesTest" time="0.001"/>
  <testcase name="testDisguiseType(EntityType)[44]" classname="me.libraryaddict.disguise.utilities.DisguiseTypesTest" time="0.001"/>
  <testcase name="testDisguiseType(EntityType)[45]" classname="me.libraryaddict.disguise.utilities.DisguiseTypesTest" time="0.001"/>
  <testcase name="testDisguiseType(EntityType)[46]" classname="me.libraryaddict.disguise.utilities.DisguiseTypesTest" time="0.0"/>
  <testcase name="testDisguiseType(EntityType)[47]" classname="me.libraryaddict.disguise.utilities.DisguiseTypesTest" time="0.001"/>
  <testcase name="testDisguiseType(EntityType)[48]" classname="me.libraryaddict.disguise.utilities.DisguiseTypesTest" time="0.001"/>
  <testcase name="testDisguiseType(EntityType)[49]" classname="me.libraryaddict.disguise.utilities.DisguiseTypesTest" time="0.0"/>
  <testcase name="testDisguiseType(EntityType)[50]" classname="me.libraryaddict.disguise.utilities.DisguiseTypesTest" time="0.001"/>
  <testcase name="testDisguiseType(EntityType)[51]" classname="me.libraryaddict.disguise.utilities.DisguiseTypesTest" time="0.001"/>
  <testcase name="testDisguiseType(EntityType)[52]" classname="me.libraryaddict.disguise.utilities.DisguiseTypesTest" time="0.001"/>
  <testcase name="testDisguiseType(EntityType)[53]" classname="me.libraryaddict.disguise.utilities.DisguiseTypesTest" time="0.001"/>
  <testcase name="testDisguiseType(EntityType)[54]" classname="me.libraryaddict.disguise.utilities.DisguiseTypesTest" time="0.001"/>
  <testcase name="testDisguiseType(EntityType)[55]" classname="me.libraryaddict.disguise.utilities.DisguiseTypesTest" time="0.0"/>
  <testcase name="testDisguiseType(EntityType)[56]" classname="me.libraryaddict.disguise.utilities.DisguiseTypesTest" time="0.001"/>
  <testcase name="testDisguiseType(EntityType)[57]" classname="me.libraryaddict.disguise.utilities.DisguiseTypesTest" time="0.0"/>
  <testcase name="testDisguiseType(EntityType)[58]" classname="me.libraryaddict.disguise.utilities.DisguiseTypesTest" time="0.0"/>
  <testcase name="testDisguiseType(EntityType)[59]" classname="me.libraryaddict.disguise.utilities.DisguiseTypesTest" time="0.001"/>
  <testcase name="testDisguiseType(EntityType)[60]" classname="me.libraryaddict.disguise.utilities.DisguiseTypesTest" time="0.001"/>
  <testcase name="testDisguiseType(EntityType)[61]" classname="me.libraryaddict.disguise.utilities.DisguiseTypesTest" time="0.001"/>
  <testcase name="testDisguiseType(EntityType)[62]" classname="me.libraryaddict.disguise.utilities.DisguiseTypesTest" time="0.001"/>
  <testcase name="testDisguiseType(EntityType)[63]" classname="me.libraryaddict.disguise.utilities.DisguiseTypesTest" time="0.001"/>
  <testcase name="testDisguiseType(EntityType)[64]" classname="me.libraryaddict.disguise.utilities.DisguiseTypesTest" time="0.001"/>
  <testcase name="testDisguiseType(EntityType)[65]" classname="me.libraryaddict.disguise.utilities.DisguiseTypesTest" time="0.001"/>
  <testcase name="testDisguiseType(EntityType)[66]" classname="me.libraryaddict.disguise.utilities.DisguiseTypesTest" time="0.0"/>
  <testcase name="testDisguiseType(EntityType)[67]" classname="me.libraryaddict.disguise.utilities.DisguiseTypesTest" time="0.001"/>
  <testcase name="testDisguiseType(EntityType)[68]" classname="me.libraryaddict.disguise.utilities.DisguiseTypesTest" time="0.001"/>
  <testcase name="testDisguiseType(EntityType)[69]" classname="me.libraryaddict.disguise.utilities.DisguiseTypesTest" time="0.0"/>
  <testcase name="testDisguiseType(EntityType)[70]" classname="me.libraryaddict.disguise.utilities.DisguiseTypesTest" time="0.0"/>
  <testcase name="testDisguiseType(EntityType)[71]" classname="me.libraryaddict.disguise.utilities.DisguiseTypesTest" time="0.001"/>
  <testcase name="testDisguiseType(EntityType)[72]" classname="me.libraryaddict.disguise.utilities.DisguiseTypesTest" time="0.001"/>
  <testcase name="testDisguiseType(EntityType)[73]" classname="me.libraryaddict.disguise.utilities.DisguiseTypesTest" time="0.001"/>
  <testcase name="testDisguiseType(EntityType)[74]" classname="me.libraryaddict.disguise.utilities.DisguiseTypesTest" time="0.0"/>
  <testcase name="testDisguiseType(EntityType)[75]" classname="me.libraryaddict.disguise.utilities.DisguiseTypesTest" time="0.001"/>
  <testcase name="testDisguiseType(EntityType)[76]" classname="me.libraryaddict.disguise.utilities.DisguiseTypesTest" time="0.001"/>
  <testcase name="testDisguiseType(EntityType)[77]" classname="me.libraryaddict.disguise.utilities.DisguiseTypesTest" time="0.001"/>
  <testcase name="testDisguiseType(EntityType)[78]" classname="me.libraryaddict.disguise.utilities.DisguiseTypesTest" time="0.001"/>
  <testcase name="testDisguiseType(EntityType)[79]" classname="me.libraryaddict.disguise.utilities.DisguiseTypesTest" time="0.001"/>
  <testcase name="testDisguiseType(EntityType)[80]" classname="me.libraryaddict.disguise.utilities.DisguiseTypesTest" time="0.001"/>
  <testcase name="testDisguiseType(EntityType)[81]" classname="me.libraryaddict.disguise.utilities.DisguiseTypesTest" time="0.001"/>
  <testcase name="testDisguiseType(EntityType)[82]" classname="me.libraryaddict.disguise.utilities.DisguiseTypesTest" time="0.0"/>
  <testcase name="testDisguiseType(EntityType)[83]" classname="me.libraryaddict.disguise.utilities.DisguiseTypesTest" time="0.0"/>
  <testcase name="testDisguiseType(EntityType)[84]" classname="me.libraryaddict.disguise.utilities.DisguiseTypesTest" time="0.001"/>
  <testcase name="testDisguiseType(EntityType)[85]" classname="me.libraryaddict.disguise.utilities.DisguiseTypesTest" time="0.001"/>
  <testcase name="testDisguiseType(EntityType)[86]" classname="me.libraryaddict.disguise.utilities.DisguiseTypesTest" time="0.001"/>
  <testcase name="testDisguiseType(EntityType)[87]" classname="me.libraryaddict.disguise.utilities.DisguiseTypesTest" time="0.001"/>
  <testcase name="testDisguiseType(EntityType)[88]" classname="me.libraryaddict.disguise.utilities.DisguiseTypesTest" time="0.0"/>
  <testcase name="testDisguiseType(EntityType)[89]" classname="me.libraryaddict.disguise.utilities.DisguiseTypesTest" time="0.0"/>
  <testcase name="testDisguiseType(EntityType)[90]" classname="me.libraryaddict.disguise.utilities.DisguiseTypesTest" time="0.0"/>
  <testcase name="testDisguiseType(EntityType)[91]" classname="me.libraryaddict.disguise.utilities.DisguiseTypesTest" time="0.001"/>
  <testcase name="testDisguiseType(EntityType)[92]" classname="me.libraryaddict.disguise.utilities.DisguiseTypesTest" time="0.001"/>
  <testcase name="testDisguiseType(EntityType)[93]" classname="me.libraryaddict.disguise.utilities.DisguiseTypesTest" time="0.001"/>
  <testcase name="testDisguiseType(EntityType)[94]" classname="me.libraryaddict.disguise.utilities.DisguiseTypesTest" time="0.0"/>
  <testcase name="testDisguiseType(EntityType)[95]" classname="me.libraryaddict.disguise.utilities.DisguiseTypesTest" time="0.0"/>
  <testcase name="testDisguiseType(EntityType)[96]" classname="me.libraryaddict.disguise.utilities.DisguiseTypesTest" time="0.0"/>
  <testcase name="testDisguiseType(EntityType)[97]" classname="me.libraryaddict.disguise.utilities.DisguiseTypesTest" time="0.001"/>
  <testcase name="testDisguiseType(EntityType)[98]" classname="me.libraryaddict.disguise.utilities.DisguiseTypesTest" time="0.0"/>
  <testcase name="testDisguiseType(EntityType)[99]" classname="me.libraryaddict.disguise.utilities.DisguiseTypesTest" time="0.0"/>
  <testcase name="testDisguiseType(EntityType)[100]" classname="me.libraryaddict.disguise.utilities.DisguiseTypesTest" time="0.0"/>
  <testcase name="testDisguiseType(EntityType)[101]" classname="me.libraryaddict.disguise.utilities.DisguiseTypesTest" time="0.0"/>
  <testcase name="testDisguiseType(EntityType)[102]" classname="me.libraryaddict.disguise.utilities.DisguiseTypesTest" time="0.0"/>
  <testcase name="testDisguiseType(EntityType)[103]" classname="me.libraryaddict.disguise.utilities.DisguiseTypesTest" time="0.0"/>
  <testcase name="testDisguiseType(EntityType)[104]" classname="me.libraryaddict.disguise.utilities.DisguiseTypesTest" time="0.0"/>
  <testcase name="testDisguiseType(EntityType)[105]" classname="me.libraryaddict.disguise.utilities.DisguiseTypesTest" time="0.0"/>
  <testcase name="testDisguiseType(EntityType)[106]" classname="me.libraryaddict.disguise.utilities.DisguiseTypesTest" time="0.001"/>
  <testcase name="testDisguiseType(EntityType)[107]" classname="me.libraryaddict.disguise.utilities.DisguiseTypesTest" time="0.0"/>
  <testcase name="testDisguiseType(EntityType)[108]" classname="me.libraryaddict.disguise.utilities.DisguiseTypesTest" time="0.0"/>
  <testcase name="testDisguiseType(EntityType)[109]" classname="me.libraryaddict.disguise.utilities.DisguiseTypesTest" time="0.0"/>
  <testcase name="testDisguiseType(EntityType)[110]" classname="me.libraryaddict.disguise.utilities.DisguiseTypesTest" time="0.0"/>
  <testcase name="testDisguiseType(EntityType)[111]" classname="me.libraryaddict.disguise.utilities.DisguiseTypesTest" time="0.001"/>
  <testcase name="testDisguiseType(EntityType)[112]" classname="me.libraryaddict.disguise.utilities.DisguiseTypesTest" time="0.0"/>
  <testcase name="testDisguiseType(EntityType)[113]" classname="me.libraryaddict.disguise.utilities.DisguiseTypesTest" time="0.001"/>
  <testcase name="testDisguiseType(EntityType)[114]" classname="me.libraryaddict.disguise.utilities.DisguiseTypesTest" time="0.001"/>
  <testcase name="testDisguiseType(EntityType)[115]" classname="me.libraryaddict.disguise.utilities.DisguiseTypesTest" time="0.0"/>
  <testcase name="testDisguiseType(EntityType)[116]" classname="me.libraryaddict.disguise.utilities.DisguiseTypesTest" time="0.001"/>
  <testcase name="testDisguiseType(EntityType)[117]" classname="me.libraryaddict.disguise.utilities.DisguiseTypesTest" time="0.0"/>
  <testcase name="testDisguiseType(EntityType)[118]" classname="me.libraryaddict.disguise.utilities.DisguiseTypesTest" time="0.001"/>
  <testcase name="testDisguiseType(EntityType)[119]" classname="me.libraryaddict.disguise.utilities.DisguiseTypesTest" time="0.001"/>
  <testcase name="testDisguiseType(EntityType)[120]" classname="me.libraryaddict.disguise.utilities.DisguiseTypesTest" time="0.001"/>
  <testcase name="testDisguiseType(EntityType)[121]" classname="me.libraryaddict.disguise.utilities.DisguiseTypesTest" time="0.0"/>
  <testcase name="testDisguiseType(EntityType)[122]" classname="me.libraryaddict.disguise.utilities.DisguiseTypesTest" time="0.001"/>
  <testcase name="testDisguiseType(EntityType)[123]" classname="me.libraryaddict.disguise.utilities.DisguiseTypesTest" time="0.0"/>
  <testcase name="testDisguiseType(EntityType)[124]" classname="me.libraryaddict.disguise.utilities.DisguiseTypesTest" time="0.001"/>
  <testcase name="testDisguiseType(EntityType)[125]" classname="me.libraryaddict.disguise.utilities.DisguiseTypesTest" time="0.001"/>
  <testcase name="testDisguiseType(EntityType)[126]" classname="me.libraryaddict.disguise.utilities.DisguiseTypesTest" time="0.001"/>
  <testcase name="testDisguiseType(EntityType)[127]" classname="me.libraryaddict.disguise.utilities.DisguiseTypesTest" time="0.001"/>
  <testcase name="testDisguiseSounds(DisguiseType)[1]" classname="me.libraryaddict.disguise.utilities.DisguiseTypesTest" time="0.254"/>
  <testcase name="testDisguiseSounds(DisguiseType)[2]" classname="me.libraryaddict.disguise.utilities.DisguiseTypesTest" time="0.001"/>
  <testcase name="testDisguiseSounds(DisguiseType)[3]" classname="me.libraryaddict.disguise.utilities.DisguiseTypesTest" time="0.001"/>
  <testcase name="testDisguiseSounds(DisguiseType)[4]" classname="me.libraryaddict.disguise.utilities.DisguiseTypesTest" time="0.001"/>
  <testcase name="testDisguiseSounds(DisguiseType)[5]" classname="me.libraryaddict.disguise.utilities.DisguiseTypesTest" time="0.001"/>
  <testcase name="testDisguiseSounds(DisguiseType)[6]" classname="me.libraryaddict.disguise.utilities.DisguiseTypesTest" time="0.001"/>
  <testcase name="testDisguiseSounds(DisguiseType)[7]" classname="me.libraryaddict.disguise.utilities.DisguiseTypesTest" time="0.003"/>
  <testcase name="testDisguiseSounds(DisguiseType)[8]" classname="me.libraryaddict.disguise.utilities.DisguiseTypesTest" time="0.001"/>
  <testcase name="testDisguiseSounds(DisguiseType)[9]" classname="me.libraryaddict.disguise.utilities.DisguiseTypesTest" time="0.001"/>
  <testcase name="testDisguiseSounds(DisguiseType)[10]" classname="me.libraryaddict.disguise.utilities.DisguiseTypesTest" time="0.001"/>
  <testcase name="testDisguiseSounds(DisguiseType)[11]" classname="me.libraryaddict.disguise.utilities.DisguiseTypesTest" time="0.001"/>
  <testcase name="testDisguiseSounds(DisguiseType)[12]" classname="me.libraryaddict.disguise.utilities.DisguiseTypesTest" time="0.0"/>
  <testcase name="testDisguiseSounds(DisguiseType)[13]" classname="me.libraryaddict.disguise.utilities.DisguiseTypesTest" time="0.001"/>
  <testcase name="testDisguiseSounds(DisguiseType)[14]" classname="me.libraryaddict.disguise.utilities.DisguiseTypesTest" time="0.001"/>
  <testcase name="testDisguiseSounds(DisguiseType)[15]" classname="me.libraryaddict.disguise.utilities.DisguiseTypesTest" time="0.0"/>
  <testcase name="testDisguiseSounds(DisguiseType)[16]" classname="me.libraryaddict.disguise.utilities.DisguiseTypesTest" time="0.0"/>
  <testcase name="testDisguiseSounds(DisguiseType)[17]" classname="me.libraryaddict.disguise.utilities.DisguiseTypesTest" time="0.001"/>
  <testcase name="testDisguiseSounds(DisguiseType)[18]" classname="me.libraryaddict.disguise.utilities.DisguiseTypesTest" time="0.0"/>
  <testcase name="testDisguiseSounds(DisguiseType)[19]" classname="me.libraryaddict.disguise.utilities.DisguiseTypesTest" time="0.0"/>
  <testcase name="testDisguiseSounds(DisguiseType)[20]" classname="me.libraryaddict.disguise.utilities.DisguiseTypesTest" time="0.001"/>
  <testcase name="testDisguiseSounds(DisguiseType)[21]" classname="me.libraryaddict.disguise.utilities.DisguiseTypesTest" time="0.001"/>
  <testcase name="testDisguiseSounds(DisguiseType)[22]" classname="me.libraryaddict.disguise.utilities.DisguiseTypesTest" time="0.0"/>
  <testcase name="testDisguiseSounds(DisguiseType)[23]" classname="me.libraryaddict.disguise.utilities.DisguiseTypesTest" time="0.001"/>
  <testcase name="testDisguiseSounds(DisguiseType)[24]" classname="me.libraryaddict.disguise.utilities.DisguiseTypesTest" time="0.0"/>
  <testcase name="testDisguiseSounds(DisguiseType)[25]" classname="me.libraryaddict.disguise.utilities.DisguiseTypesTest" time="0.001"/>
  <testcase name="testDisguiseSounds(DisguiseType)[26]" classname="me.libraryaddict.disguise.utilities.DisguiseTypesTest" time="0.001"/>
  <testcase name="testDisguiseSounds(DisguiseType)[27]" classname="me.libraryaddict.disguise.utilities.DisguiseTypesTest" time="0.001"/>
  <testcase name="testDisguiseSounds(DisguiseType)[28]" classname="me.libraryaddict.disguise.utilities.DisguiseTypesTest" time="0.001"/>
  <testcase name="testDisguiseSounds(DisguiseType)[29]" classname="me.libraryaddict.disguise.utilities.DisguiseTypesTest" time="0.001"/>
  <testcase name="testDisguiseSounds(DisguiseType)[30]" classname="me.libraryaddict.disguise.utilities.DisguiseTypesTest" time="0.001"/>
  <testcase name="testDisguiseSounds(DisguiseType)[31]" classname="me.libraryaddict.disguise.utilities.DisguiseTypesTest" time="0.001"/>
  <testcase name="testDisguiseSounds(DisguiseType)[32]" classname="me.libraryaddict.disguise.utilities.DisguiseTypesTest" time="0.002"/>
  <testcase name="testDisguiseSounds(DisguiseType)[33]" classname="me.libraryaddict.disguise.utilities.DisguiseTypesTest" time="0.0"/>
  <testcase name="testDisguiseSounds(DisguiseType)[34]" classname="me.libraryaddict.disguise.utilities.DisguiseTypesTest" time="0.0"/>
  <testcase name="testDisguiseSounds(DisguiseType)[35]" classname="me.libraryaddict.disguise.utilities.DisguiseTypesTest" time="0.001"/>
  <testcase name="testDisguiseSounds(DisguiseType)[36]" classname="me.libraryaddict.disguise.utilities.DisguiseTypesTest" time="0.001"/>
  <testcase name="testDisguiseSounds(DisguiseType)[37]" classname="me.libraryaddict.disguise.utilities.DisguiseTypesTest" time="0.001"/>
  <testcase name="testDisguiseSounds(DisguiseType)[38]" classname="me.libraryaddict.disguise.utilities.DisguiseTypesTest" time="0.0"/>
  <testcase name="testDisguiseSounds(DisguiseType)[39]" classname="me.libraryaddict.disguise.utilities.DisguiseTypesTest" time="0.001"/>
  <testcase name="testDisguiseSounds(DisguiseType)[40]" classname="me.libraryaddict.disguise.utilities.DisguiseTypesTest" time="0.001"/>
  <testcase name="testDisguiseSounds(DisguiseType)[41]" classname="me.libraryaddict.disguise.utilities.DisguiseTypesTest" time="0.0"/>
  <testcase name="testDisguiseSounds(DisguiseType)[42]" classname="me.libraryaddict.disguise.utilities.DisguiseTypesTest" time="0.002"/>
  <testcase name="testDisguiseSounds(DisguiseType)[43]" classname="me.libraryaddict.disguise.utilities.DisguiseTypesTest" time="0.002"/>
  <testcase name="testDisguiseSounds(DisguiseType)[44]" classname="me.libraryaddict.disguise.utilities.DisguiseTypesTest" time="0.001"/>
  <testcase name="testDisguiseSounds(DisguiseType)[45]" classname="me.libraryaddict.disguise.utilities.DisguiseTypesTest" time="0.001"/>
  <testcase name="testDisguiseSounds(DisguiseType)[46]" classname="me.libraryaddict.disguise.utilities.DisguiseTypesTest" time="0.001"/>
  <testcase name="testDisguiseSounds(DisguiseType)[47]" classname="me.libraryaddict.disguise.utilities.DisguiseTypesTest" time="0.001"/>
  <testcase name="testDisguiseSounds(DisguiseType)[48]" classname="me.libraryaddict.disguise.utilities.DisguiseTypesTest" time="0.0"/>
  <testcase name="testDisguiseSounds(DisguiseType)[49]" classname="me.libraryaddict.disguise.utilities.DisguiseTypesTest" time="0.0"/>
  <testcase name="testDisguiseSounds(DisguiseType)[50]" classname="me.libraryaddict.disguise.utilities.DisguiseTypesTest" time="0.0"/>
  <testcase name="testDisguiseSounds(DisguiseType)[51]" classname="me.libraryaddict.disguise.utilities.DisguiseTypesTest" time="0.001"/>
  <testcase name="testDisguiseSounds(DisguiseType)[52]" classname="me.libraryaddict.disguise.utilities.DisguiseTypesTest" time="0.0"/>
  <testcase name="testDisguiseSounds(DisguiseType)[53]" classname="me.libraryaddict.disguise.utilities.DisguiseTypesTest" time="0.001"/>
  <testcase name="testDisguiseSounds(DisguiseType)[54]" classname="me.libraryaddict.disguise.utilities.DisguiseTypesTest" time="0.0"/>
  <testcase name="testDisguiseSounds(DisguiseType)[55]" classname="me.libraryaddict.disguise.utilities.DisguiseTypesTest" time="0.001"/>
  <testcase name="testDisguiseSounds(DisguiseType)[56]" classname="me.libraryaddict.disguise.utilities.DisguiseTypesTest" time="0.0"/>
  <testcase name="testDisguiseSounds(DisguiseType)[57]" classname="me.libraryaddict.disguise.utilities.DisguiseTypesTest" time="0.001"/>
  <testcase name="testDisguiseSounds(DisguiseType)[58]" classname="me.libraryaddict.disguise.utilities.DisguiseTypesTest" time="0.0"/>
  <testcase name="testDisguiseSounds(DisguiseType)[59]" classname="me.libraryaddict.disguise.utilities.DisguiseTypesTest" time="0.001"/>
  <testcase name="testDisguiseSounds(DisguiseType)[60]" classname="me.libraryaddict.disguise.utilities.DisguiseTypesTest" time="0.0"/>
  <testcase name="testDisguiseSounds(DisguiseType)[61]" classname="me.libraryaddict.disguise.utilities.DisguiseTypesTest" time="0.001"/>
  <testcase name="testDisguiseSounds(DisguiseType)[62]" classname="me.libraryaddict.disguise.utilities.DisguiseTypesTest" time="0.0"/>
  <testcase name="testDisguiseSounds(DisguiseType)[63]" classname="me.libraryaddict.disguise.utilities.DisguiseTypesTest" time="0.0"/>
  <testcase name="testDisguiseSounds(DisguiseType)[64]" classname="me.libraryaddict.disguise.utilities.DisguiseTypesTest" time="0.002"/>
  <testcase name="testDisguiseSounds(DisguiseType)[65]" classname="me.libraryaddict.disguise.utilities.DisguiseTypesTest" time="0.001"/>
  <testcase name="testDisguiseSounds(DisguiseType)[66]" classname="me.libraryaddict.disguise.utilities.DisguiseTypesTest" time="0.001"/>
  <testcase name="testDisguiseSounds(DisguiseType)[67]" classname="me.libraryaddict.disguise.utilities.DisguiseTypesTest" time="0.0"/>
  <testcase name="testDisguiseSounds(DisguiseType)[68]" classname="me.libraryaddict.disguise.utilities.DisguiseTypesTest" time="0.001"/>
  <testcase name="testDisguiseSounds(DisguiseType)[69]" classname="me.libraryaddict.disguise.utilities.DisguiseTypesTest" time="0.001"/>
  <testcase name="testDisguiseSounds(DisguiseType)[70]" classname="me.libraryaddict.disguise.utilities.DisguiseTypesTest" time="0.001"/>
  <testcase name="testDisguiseSounds(DisguiseType)[71]" classname="me.libraryaddict.disguise.utilities.DisguiseTypesTest" time="0.001"/>
  <testcase name="testDisguiseSounds(DisguiseType)[72]" classname="me.libraryaddict.disguise.utilities.DisguiseTypesTest" time="0.001"/>
  <testcase name="testDisguiseSounds(DisguiseType)[73]" classname="me.libraryaddict.disguise.utilities.DisguiseTypesTest" time="0.0"/>
  <testcase name="testDisguiseSounds(DisguiseType)[74]" classname="me.libraryaddict.disguise.utilities.DisguiseTypesTest" time="0.0"/>
  <testcase name="testDisguiseSounds(DisguiseType)[75]" classname="me.libraryaddict.disguise.utilities.DisguiseTypesTest" time="0.0"/>
  <testcase name="testDisguiseSounds(DisguiseType)[76]" classname="me.libraryaddict.disguise.utilities.DisguiseTypesTest" time="0.0"/>
  <testcase name="testDisguiseSounds(DisguiseType)[77]" classname="me.libraryaddict.disguise.utilities.DisguiseTypesTest" time="0.0"/>
  <testcase name="testDisguiseSounds(DisguiseType)[78]" classname="me.libraryaddict.disguise.utilities.DisguiseTypesTest" time="0.0"/>
  <testcase name="testDisguiseSounds(DisguiseType)[79]" classname="me.libraryaddict.disguise.utilities.DisguiseTypesTest" time="0.001"/>
  <testcase name="testDisguiseSounds(DisguiseType)[80]" classname="me.libraryaddict.disguise.utilities.DisguiseTypesTest" time="0.001"/>
  <testcase name="testDisguiseSounds(DisguiseType)[81]" classname="me.libraryaddict.disguise.utilities.DisguiseTypesTest" time="0.001"/>
  <testcase name="testDisguiseSounds(DisguiseType)[82]" classname="me.libraryaddict.disguise.utilities.DisguiseTypesTest" time="0.0"/>
  <testcase name="testDisguiseSounds(DisguiseType)[83]" classname="me.libraryaddict.disguise.utilities.DisguiseTypesTest" time="0.0"/>
  <testcase name="testDisguiseSounds(DisguiseType)[84]" classname="me.libraryaddict.disguise.utilities.DisguiseTypesTest" time="0.0"/>
  <testcase name="testDisguiseSounds(DisguiseType)[85]" classname="me.libraryaddict.disguise.utilities.DisguiseTypesTest" time="0.0"/>
  <testcase name="testDisguiseSounds(DisguiseType)[86]" classname="me.libraryaddict.disguise.utilities.DisguiseTypesTest" time="0.0"/>
  <testcase name="testDisguiseSounds(DisguiseType)[87]" classname="me.libraryaddict.disguise.utilities.DisguiseTypesTest" time="0.0"/>
  <testcase name="testDisguiseSounds(DisguiseType)[88]" classname="me.libraryaddict.disguise.utilities.DisguiseTypesTest" time="0.0"/>
  <testcase name="testDisguiseSounds(DisguiseType)[89]" classname="me.libraryaddict.disguise.utilities.DisguiseTypesTest" time="0.0"/>
  <testcase name="testDisguiseSounds(DisguiseType)[90]" classname="me.libraryaddict.disguise.utilities.DisguiseTypesTest" time="0.0"/>
  <testcase name="testDisguiseSounds(DisguiseType)[91]" classname="me.libraryaddict.disguise.utilities.DisguiseTypesTest" time="0.0"/>
  <testcase name="testDisguiseSounds(DisguiseType)[92]" classname="me.libraryaddict.disguise.utilities.DisguiseTypesTest" time="0.001"/>
  <testcase name="testDisguiseSounds(DisguiseType)[93]" classname="me.libraryaddict.disguise.utilities.DisguiseTypesTest" time="0.001"/>
  <testcase name="testDisguiseSounds(DisguiseType)[94]" classname="me.libraryaddict.disguise.utilities.DisguiseTypesTest" time="0.0"/>
  <testcase name="testDisguiseSounds(DisguiseType)[95]" classname="me.libraryaddict.disguise.utilities.DisguiseTypesTest" time="0.0"/>
  <testcase name="testDisguiseSounds(DisguiseType)[96]" classname="me.libraryaddict.disguise.utilities.DisguiseTypesTest" time="0.0"/>
  <testcase name="testDisguiseSounds(DisguiseType)[97]" classname="me.libraryaddict.disguise.utilities.DisguiseTypesTest" time="0.0"/>
  <testcase name="testDisguiseSounds(DisguiseType)[98]" classname="me.libraryaddict.disguise.utilities.DisguiseTypesTest" time="0.0"/>
  <testcase name="testDisguiseSounds(DisguiseType)[99]" classname="me.libraryaddict.disguise.utilities.DisguiseTypesTest" time="0.0"/>
  <testcase name="testDisguiseSounds(DisguiseType)[100]" classname="me.libraryaddict.disguise.utilities.DisguiseTypesTest" time="0.001"/>
  <testcase name="testDisguiseSounds(DisguiseType)[101]" classname="me.libraryaddict.disguise.utilities.DisguiseTypesTest" time="0.001"/>
  <testcase name="testDisguiseSounds(DisguiseType)[102]" classname="me.libraryaddict.disguise.utilities.DisguiseTypesTest" time="0.0"/>
  <testcase name="testDisguiseSounds(DisguiseType)[103]" classname="me.libraryaddict.disguise.utilities.DisguiseTypesTest" time="0.0"/>
  <testcase name="testDisguiseSounds(DisguiseType)[104]" classname="me.libraryaddict.disguise.utilities.DisguiseTypesTest" time="0.001"/>
  <testcase name="testDisguiseSounds(DisguiseType)[105]" classname="me.libraryaddict.disguise.utilities.DisguiseTypesTest" time="0.001"/>
  <testcase name="testDisguiseSounds(DisguiseType)[106]" classname="me.libraryaddict.disguise.utilities.DisguiseTypesTest" time="0.0"/>
  <testcase name="testDisguiseSounds(DisguiseType)[107]" classname="me.libraryaddict.disguise.utilities.DisguiseTypesTest" time="0.0"/>
  <testcase name="testDisguiseSounds(DisguiseType)[108]" classname="me.libraryaddict.disguise.utilities.DisguiseTypesTest" time="0.0"/>
  <testcase name="testDisguiseSounds(DisguiseType)[109]" classname="me.libraryaddict.disguise.utilities.DisguiseTypesTest" time="0.0"/>
  <testcase name="testDisguiseSounds(DisguiseType)[110]" classname="me.libraryaddict.disguise.utilities.DisguiseTypesTest" time="0.001"/>
  <testcase name="testDisguiseSounds(DisguiseType)[111]" classname="me.libraryaddict.disguise.utilities.DisguiseTypesTest" time="0.0"/>
  <testcase name="testDisguiseSounds(DisguiseType)[112]" classname="me.libraryaddict.disguise.utilities.DisguiseTypesTest" time="0.0"/>
  <testcase name="testDisguiseSounds(DisguiseType)[113]" classname="me.libraryaddict.disguise.utilities.DisguiseTypesTest" time="0.0"/>
  <testcase name="testDisguiseSounds(DisguiseType)[114]" classname="me.libraryaddict.disguise.utilities.DisguiseTypesTest" time="0.0"/>
  <testcase name="testDisguiseSounds(DisguiseType)[115]" classname="me.libraryaddict.disguise.utilities.DisguiseTypesTest" time="0.001"/>
  <testcase name="testDisguiseSounds(DisguiseType)[116]" classname="me.libraryaddict.disguise.utilities.DisguiseTypesTest" time="0.0"/>
  <testcase name="testDisguiseSounds(DisguiseType)[117]" classname="me.libraryaddict.disguise.utilities.DisguiseTypesTest" time="0.0"/>
  <testcase name="testDisguiseSounds(DisguiseType)[118]" classname="me.libraryaddict.disguise.utilities.DisguiseTypesTest" time="0.0"/>
  <testcase name="testDisguiseSounds(DisguiseType)[119]" classname="me.libraryaddict.disguise.utilities.DisguiseTypesTest" time="0.001"/>
  <testcase name="testDisguiseSounds(DisguiseType)[120]" classname="me.libraryaddict.disguise.utilities.DisguiseTypesTest" time="0.0"/>
  <testcase name="testDisguiseSounds(DisguiseType)[121]" classname="me.libraryaddict.disguise.utilities.DisguiseTypesTest" time="0.0"/>
  <testcase name="testDisguiseSounds(DisguiseType)[122]" classname="me.libraryaddict.disguise.utilities.DisguiseTypesTest" time="0.001"/>
  <testcase name="testDisguiseSounds(DisguiseType)[123]" classname="me.libraryaddict.disguise.utilities.DisguiseTypesTest" time="0.0"/>
  <testcase name="testDisguiseSounds(DisguiseType)[124]" classname="me.libraryaddict.disguise.utilities.DisguiseTypesTest" time="0.001"/>
  <testcase name="testDisguiseSounds(DisguiseType)[125]" classname="me.libraryaddict.disguise.utilities.DisguiseTypesTest" time="0.001"/>
  <testcase name="testDisguiseSounds(DisguiseType)[126]" classname="me.libraryaddict.disguise.utilities.DisguiseTypesTest" time="0.001"/>
  <testcase name="testDisguiseSounds(DisguiseType)[127]" classname="me.libraryaddict.disguise.utilities.DisguiseTypesTest" time="0.001"/>
  <testcase name="testDisguiseSounds(DisguiseType)[128]" classname="me.libraryaddict.disguise.utilities.DisguiseTypesTest" time="0.001"/>
  <testcase name="testDisguiseSounds(DisguiseType)[129]" classname="me.libraryaddict.disguise.utilities.DisguiseTypesTest" time="0.001"/>
  <testcase name="testDisguiseSounds(DisguiseType)[130]" classname="me.libraryaddict.disguise.utilities.DisguiseTypesTest" time="0.001"/>
</testsuite>